2021-12-20 16:06:05 INFO  Log:11 - =====================================loginTest TEST START=========================================
2021-12-20 16:06:05 INFO  Log:22 - user is going to click on signin
2021-12-20 16:06:08 INFO  Log:22 - enter username and password
2021-12-20 16:09:54 INFO  Log:11 - =====================================loginTest TEST START=========================================
2021-12-20 16:09:54 INFO  Log:22 - user is going to click on signin
2021-12-20 16:09:57 INFO  Log:22 - enter username and password
2021-12-20 16:09:59 INFO  Log:22 - verify if user is able to login
2021-12-20 16:09:59 INFO  Log:22 - login is scuccess
2021-12-20 16:09:59 INFO  Log:15 - =====================================loginTest TEST END=========================================
2021-12-20 16:14:51 INFO  Log:11 - =====================================loginTest TEST START=========================================
2021-12-20 16:14:52 INFO  Log:22 - user is going to click on signin
2021-12-20 16:14:54 INFO  Log:22 - enter username and password
2021-12-20 16:14:56 INFO  Log:22 - verify if user is able to login
2021-12-20 16:14:56 INFO  Log:22 - login is scuccess
2021-12-20 16:14:56 INFO  Log:15 - =====================================loginTest TEST END=========================================
2021-12-20 16:39:35 INFO  Log:11 - =====================================loginTest TEST START=========================================
2021-12-20 16:39:35 INFO  Log:22 - user is going to click on signin
2021-12-20 16:39:39 INFO  Log:22 - enter username and password
2021-12-20 16:39:41 INFO  Log:22 - verify if user is able to login
2021-12-20 16:39:41 INFO  Log:22 - login is scuccess
2021-12-20 16:39:41 INFO  Log:15 - =====================================loginTest TEST END=========================================
2021-12-20 16:42:20 INFO  Log:11 - =====================================loginTest TEST START=========================================
2021-12-20 16:42:20 INFO  Log:22 - user is going to click on signin
2021-12-20 16:42:23 INFO  Log:22 - enter username and password
2021-12-20 16:42:26 INFO  Log:22 - verify if user is able to login
2021-12-20 16:42:26 INFO  Log:22 - login is scuccess
2021-12-20 16:42:26 INFO  Log:15 - =====================================loginTest TEST END=========================================
2021-12-20 16:42:32 INFO  Log:11 - =====================================loginTest TEST START=========================================
2021-12-20 16:42:32 INFO  Log:22 - user is going to click on signin
2021-12-20 16:42:36 INFO  Log:22 - enter username and password
2021-12-20 16:42:39 INFO  Log:22 - verify if user is able to login
2021-12-20 17:05:57 INFO  Log:11 - =====================================loginTest TEST START=========================================
2021-12-20 17:05:57 INFO  Log:22 - user is going to click on signin
2021-12-20 17:06:00 INFO  Log:22 - enter username and password
2021-12-20 17:06:02 INFO  Log:22 - verify if user is able to login
2021-12-20 17:06:02 INFO  Log:22 - login is scuccess
2021-12-20 17:06:02 INFO  Log:15 - =====================================loginTest TEST END=========================================
2021-12-20 17:06:10 INFO  Log:11 - =====================================loginTest TEST START=========================================
2021-12-20 17:06:10 INFO  Log:22 - user is going to click on signin
2021-12-20 17:06:12 INFO  Log:22 - enter username and password
2021-12-20 17:06:14 INFO  Log:22 - verify if user is able to login
2021-12-20 17:42:07 INFO  Log:11 - =====================================loginTest TEST START=========================================
2021-12-20 17:42:07 INFO  Log:22 - user is going to click on signin
2021-12-20 17:42:19 INFO  Log:22 - enter username and password
2021-12-20 17:42:33 INFO  Log:22 - verify if user is able to login
2021-12-20 17:42:33 INFO  Log:22 - login is scuccess
2021-12-20 17:42:33 INFO  Log:15 - =====================================loginTest TEST END=========================================
2021-12-20 17:42:50 INFO  Log:11 - =====================================loginTest TEST START=========================================
2021-12-20 17:42:50 INFO  Log:22 - user is going to click on signin
2021-12-20 17:43:01 INFO  Log:22 - enter username and password
2021-12-20 17:43:08 INFO  Log:22 - verify if user is able to login
2021-12-20 18:28:55 INFO  Log:11 - =====================================loginTest TEST START=========================================
2021-12-20 18:28:55 INFO  Log:22 - user is going to click on signin
2021-12-20 18:29:09 INFO  Log:22 - enter username and password
2021-12-20 18:29:22 INFO  Log:22 - verify if user is able to login
2021-12-20 18:29:22 INFO  Log:22 - login is scuccess
2021-12-20 18:29:22 INFO  Log:15 - =====================================loginTest TEST END=========================================
2021-12-20 18:29:35 INFO  Log:11 - =====================================loginTest TEST START=========================================
2021-12-20 18:29:35 INFO  Log:22 - user is going to click on signin
2021-12-20 18:29:35 INFO  Log:22 - enter username and password
2021-12-20 20:09:35 INFO  Log:11 - =====================================loginTest TEST START=========================================
2021-12-20 20:09:35 INFO  Log:22 - user is going to click on signin
2021-12-20 20:09:48 INFO  Log:22 - enter username and password
2021-12-20 20:10:02 INFO  Log:22 - verify if user is able to login
2021-12-20 20:10:02 INFO  Log:22 - login is scuccess
2021-12-20 20:10:02 INFO  Log:15 - =====================================loginTest TEST END=========================================
2021-12-20 20:10:15 INFO  Log:11 - =====================================loginTest TEST START=========================================
2021-12-20 20:10:15 INFO  Log:22 - user is going to click on signin
2021-12-20 20:10:28 INFO  Log:22 - enter username and password
2021-12-20 20:10:35 INFO  Log:22 - verify if user is able to login
2021-12-20 20:12:41 INFO  Log:11 - =====================================loginTest TEST START=========================================
2021-12-20 20:12:41 INFO  Log:22 - user is going to click on signin
2021-12-20 20:12:53 INFO  Log:22 - enter username and password
2021-12-20 20:13:08 INFO  Log:22 - verify if user is able to login
2021-12-20 20:13:08 INFO  Log:22 - login is scuccess
2021-12-20 20:13:08 INFO  Log:15 - =====================================loginTest TEST END=========================================
2021-12-20 20:13:21 INFO  Log:11 - =====================================loginTest TEST START=========================================
2021-12-20 20:13:21 INFO  Log:22 - user is going to click on signin
2021-12-20 20:13:35 INFO  Log:22 - enter username and password
2021-12-20 20:13:43 INFO  Log:22 - verify if user is able to login
2021-12-20 20:52:48 INFO  Log:11 - =====================================verify total price  TEST START=========================================
2021-12-21 12:38:05 INFO  Log:11 - =====================================loginTest TEST START=========================================
2021-12-21 12:38:06 INFO  Log:22 - user is going to click on signin
2021-12-21 12:38:13 INFO  Log:22 - enter username and password
2021-12-21 12:38:22 INFO  Log:22 - verify if user is able to login
2021-12-21 12:38:22 INFO  Log:22 - login is scuccess
2021-12-21 12:38:22 INFO  Log:15 - =====================================loginTest TEST END=========================================
2021-12-21 12:38:34 INFO  Log:11 - =====================================loginTest TEST START=========================================
2021-12-21 12:38:34 INFO  Log:22 - user is going to click on signin
2021-12-21 12:38:41 INFO  Log:22 - enter username and password
2021-12-21 12:38:47 INFO  Log:22 - verify if user is able to login
2021-12-21 12:44:41 INFO  Log:11 - =====================================verify total price  TEST START=========================================
2021-12-21 12:46:50 DEBUG cache:45 - Couldn't find template in cache for "v3html/v3-html-index.ftl"("en", UTF-8, parsed); will try to load it.
2021-12-21 12:46:50 DEBUG cache:45 - TemplateLoader.findTemplateSource("v3html/v3-html-index_en.ftl"): Not found
2021-12-21 12:46:50 DEBUG cache:45 - TemplateLoader.findTemplateSource("v3html/v3-html-index.ftl"): Found
2021-12-21 12:46:50 DEBUG cache:45 - Loading template for "v3html/v3-html-index.ftl"("en", UTF-8, parsed) from "jar:file:/C:/Users/prasa/.m2/repository/com/aventstack/extentreports/4.0.9/extentreports-4.0.9.jar!/com/aventstack/extentreports/view/v3html/v3-html-index.ftl"
2021-12-21 12:46:51 DEBUG cache:45 - Couldn't find template in cache for "v3html/v3-html-head.ftl"("en", UTF-8, parsed); will try to load it.
2021-12-21 12:46:51 DEBUG cache:45 - TemplateLoader.findTemplateSource("v3html/v3-html-head_en.ftl"): Not found
2021-12-21 12:46:51 DEBUG cache:45 - TemplateLoader.findTemplateSource("v3html/v3-html-head.ftl"): Found
2021-12-21 12:46:51 DEBUG cache:45 - Loading template for "v3html/v3-html-head.ftl"("en", UTF-8, parsed) from "jar:file:/C:/Users/prasa/.m2/repository/com/aventstack/extentreports/4.0.9/extentreports-4.0.9.jar!/com/aventstack/extentreports/view/v3html/v3-html-head.ftl"
2021-12-21 12:46:51 DEBUG cache:45 - Couldn't find template in cache for "v3html/v3-html-nav.ftl"("en", UTF-8, parsed); will try to load it.
2021-12-21 12:46:51 DEBUG cache:45 - TemplateLoader.findTemplateSource("v3html/v3-html-nav_en.ftl"): Not found
2021-12-21 12:46:51 DEBUG cache:45 - TemplateLoader.findTemplateSource("v3html/v3-html-nav.ftl"): Found
2021-12-21 12:46:51 DEBUG cache:45 - Loading template for "v3html/v3-html-nav.ftl"("en", UTF-8, parsed) from "jar:file:/C:/Users/prasa/.m2/repository/com/aventstack/extentreports/4.0.9/extentreports-4.0.9.jar!/com/aventstack/extentreports/view/v3html/v3-html-nav.ftl"
2021-12-21 12:46:51 DEBUG cache:45 - Couldn't find template in cache for "v3html/test-view/v3-html-test-view.ftl"("en", UTF-8, parsed); will try to load it.
2021-12-21 12:46:51 DEBUG cache:45 - TemplateLoader.findTemplateSource("v3html/test-view/v3-html-test-view_en.ftl"): Not found
2021-12-21 12:46:51 DEBUG cache:45 - TemplateLoader.findTemplateSource("v3html/test-view/v3-html-test-view.ftl"): Found
2021-12-21 12:46:51 DEBUG cache:45 - Loading template for "v3html/test-view/v3-html-test-view.ftl"("en", UTF-8, parsed) from "jar:file:/C:/Users/prasa/.m2/repository/com/aventstack/extentreports/4.0.9/extentreports-4.0.9.jar!/com/aventstack/extentreports/view/v3html/test-view/v3-html-test-view.ftl"
2021-12-21 12:46:51 DEBUG cache:45 - Couldn't find template in cache for "v3html/test-view/v3-html-test-view-charts.ftl"("en", UTF-8, parsed); will try to load it.
2021-12-21 12:46:51 DEBUG cache:45 - TemplateLoader.findTemplateSource("v3html/test-view/v3-html-test-view-charts_en.ftl"): Not found
2021-12-21 12:46:51 DEBUG cache:45 - TemplateLoader.findTemplateSource("v3html/test-view/v3-html-test-view-charts.ftl"): Found
2021-12-21 12:46:51 DEBUG cache:45 - Loading template for "v3html/test-view/v3-html-test-view-charts.ftl"("en", UTF-8, parsed) from "jar:file:/C:/Users/prasa/.m2/repository/com/aventstack/extentreports/4.0.9/extentreports-4.0.9.jar!/com/aventstack/extentreports/view/v3html/test-view/v3-html-test-view-charts.ftl"
2021-12-21 12:46:51 DEBUG cache:45 - Couldn't find template in cache for "v3html/test-view/v3-html-standard.ftl"("en", UTF-8, parsed); will try to load it.
2021-12-21 12:46:51 DEBUG cache:45 - TemplateLoader.findTemplateSource("v3html/test-view/v3-html-standard_en.ftl"): Not found
2021-12-21 12:46:51 DEBUG cache:45 - TemplateLoader.findTemplateSource("v3html/test-view/v3-html-standard.ftl"): Found
2021-12-21 12:46:51 DEBUG cache:45 - Loading template for "v3html/test-view/v3-html-standard.ftl"("en", UTF-8, parsed) from "jar:file:/C:/Users/prasa/.m2/repository/com/aventstack/extentreports/4.0.9/extentreports-4.0.9.jar!/com/aventstack/extentreports/view/v3html/test-view/v3-html-standard.ftl"
2021-12-21 12:46:51 DEBUG cache:45 - "v3html/test-view/v3-html-standard.ftl"("en", UTF-8, parsed) cached copy not yet stale; using cached.
2021-12-21 12:46:51 DEBUG cache:45 - "v3html/test-view/v3-html-standard.ftl"("en", UTF-8, parsed) cached copy not yet stale; using cached.
2021-12-21 12:46:51 DEBUG cache:45 - "v3html/test-view/v3-html-standard.ftl"("en", UTF-8, parsed) cached copy not yet stale; using cached.
2021-12-21 12:46:51 DEBUG cache:45 - "v3html/test-view/v3-html-standard.ftl"("en", UTF-8, parsed) cached copy not yet stale; using cached.
2021-12-21 12:46:51 DEBUG cache:45 - "v3html/test-view/v3-html-standard.ftl"("en", UTF-8, parsed) cached copy not yet stale; using cached.
2021-12-21 12:46:51 DEBUG cache:45 - "v3html/test-view/v3-html-standard.ftl"("en", UTF-8, parsed) cached copy not yet stale; using cached.
2021-12-21 12:46:51 DEBUG cache:45 - "v3html/test-view/v3-html-standard.ftl"("en", UTF-8, parsed) cached copy not yet stale; using cached.
2021-12-21 12:46:51 DEBUG cache:45 - "v3html/test-view/v3-html-standard.ftl"("en", UTF-8, parsed) cached copy not yet stale; using cached.
2021-12-21 12:46:51 DEBUG cache:45 - "v3html/test-view/v3-html-standard.ftl"("en", UTF-8, parsed) cached copy not yet stale; using cached.
2021-12-21 12:46:51 DEBUG cache:45 - "v3html/test-view/v3-html-standard.ftl"("en", UTF-8, parsed) cached copy not yet stale; using cached.
2021-12-21 12:46:51 DEBUG cache:45 - "v3html/test-view/v3-html-standard.ftl"("en", UTF-8, parsed) cached copy not yet stale; using cached.
2021-12-21 12:46:51 DEBUG cache:45 - Couldn't find template in cache for "v3html/category-view/v3-html-category-view.ftl"("en", UTF-8, parsed); will try to load it.
2021-12-21 12:46:51 DEBUG cache:45 - TemplateLoader.findTemplateSource("v3html/category-view/v3-html-category-view_en.ftl"): Not found
2021-12-21 12:46:51 DEBUG cache:45 - TemplateLoader.findTemplateSource("v3html/category-view/v3-html-category-view.ftl"): Found
2021-12-21 12:46:51 DEBUG cache:45 - Loading template for "v3html/category-view/v3-html-category-view.ftl"("en", UTF-8, parsed) from "jar:file:/C:/Users/prasa/.m2/repository/com/aventstack/extentreports/4.0.9/extentreports-4.0.9.jar!/com/aventstack/extentreports/view/v3html/category-view/v3-html-category-view.ftl"
2021-12-21 12:46:51 DEBUG cache:45 - Couldn't find template in cache for "v3html/exception-view/v3-html-exception-view.ftl"("en", UTF-8, parsed); will try to load it.
2021-12-21 12:46:51 DEBUG cache:45 - TemplateLoader.findTemplateSource("v3html/exception-view/v3-html-exception-view_en.ftl"): Not found
2021-12-21 12:46:51 DEBUG cache:45 - TemplateLoader.findTemplateSource("v3html/exception-view/v3-html-exception-view.ftl"): Found
2021-12-21 12:46:51 DEBUG cache:45 - Loading template for "v3html/exception-view/v3-html-exception-view.ftl"("en", UTF-8, parsed) from "jar:file:/C:/Users/prasa/.m2/repository/com/aventstack/extentreports/4.0.9/extentreports-4.0.9.jar!/com/aventstack/extentreports/view/v3html/exception-view/v3-html-exception-view.ftl"
2021-12-21 12:46:51 DEBUG cache:45 - Couldn't find template in cache for "v3html/author-view/v3-html-author-view.ftl"("en", UTF-8, parsed); will try to load it.
2021-12-21 12:46:51 DEBUG cache:45 - TemplateLoader.findTemplateSource("v3html/author-view/v3-html-author-view_en.ftl"): Not found
2021-12-21 12:46:51 DEBUG cache:45 - TemplateLoader.findTemplateSource("v3html/author-view/v3-html-author-view.ftl"): Found
2021-12-21 12:46:51 DEBUG cache:45 - Loading template for "v3html/author-view/v3-html-author-view.ftl"("en", UTF-8, parsed) from "jar:file:/C:/Users/prasa/.m2/repository/com/aventstack/extentreports/4.0.9/extentreports-4.0.9.jar!/com/aventstack/extentreports/view/v3html/author-view/v3-html-author-view.ftl"
2021-12-21 12:46:51 DEBUG cache:45 - Couldn't find template in cache for "v3html/dashboard-view/v3-html-dashboard-view.ftl"("en", UTF-8, parsed); will try to load it.
2021-12-21 12:46:51 DEBUG cache:45 - TemplateLoader.findTemplateSource("v3html/dashboard-view/v3-html-dashboard-view_en.ftl"): Not found
2021-12-21 12:46:51 DEBUG cache:45 - TemplateLoader.findTemplateSource("v3html/dashboard-view/v3-html-dashboard-view.ftl"): Found
2021-12-21 12:46:51 DEBUG cache:45 - Loading template for "v3html/dashboard-view/v3-html-dashboard-view.ftl"("en", UTF-8, parsed) from "jar:file:/C:/Users/prasa/.m2/repository/com/aventstack/extentreports/4.0.9/extentreports-4.0.9.jar!/com/aventstack/extentreports/view/v3html/dashboard-view/v3-html-dashboard-view.ftl"
2021-12-21 12:46:51 DEBUG cache:45 - Couldn't find template in cache for "v3html/logs-view/v3-html-testrunner-logs-view.ftl"("en", UTF-8, parsed); will try to load it.
2021-12-21 12:46:51 DEBUG cache:45 - TemplateLoader.findTemplateSource("v3html/logs-view/v3-html-testrunner-logs-view_en.ftl"): Not found
2021-12-21 12:46:51 DEBUG cache:45 - TemplateLoader.findTemplateSource("v3html/logs-view/v3-html-testrunner-logs-view.ftl"): Found
2021-12-21 12:46:51 DEBUG cache:45 - Loading template for "v3html/logs-view/v3-html-testrunner-logs-view.ftl"("en", UTF-8, parsed) from "jar:file:/C:/Users/prasa/.m2/repository/com/aventstack/extentreports/4.0.9/extentreports-4.0.9.jar!/com/aventstack/extentreports/view/v3html/logs-view/v3-html-testrunner-logs-view.ftl"
